<?xml version="1.0" encoding="UTF-8"?>
<!-- Generated by org.testng.reporters.JUnitXMLReporter -->
<testsuite hostname="DESKTOP-2LU172B" ignored="0" name="Test" tests="1" failures="1" timestamp="03 Nov 2019 16:20:19 GMT" time="16.432" errors="0">
  <testcase name="loginApp" time="7.06" classname="com.learnautomation.testcases.LoginTestCRM">
    <failure type="java.lang.AssertionError" message="expected [false] but found [true]">
      <![CDATA[java.lang.AssertionError: expected [false] but found [true]
	at com.learnautomation.testcases.LoginTestCRM.loginApp(LoginTestCRM.java:17)
... Removed 31 stack frames]]>
    </failure>
  </testcase> <!-- loginApp -->
</testsuite> <!-- Test -->
